This is pdfTeX, Version 3.1415926-2.5-1.40.14 (MiKTeX 2.9) (preloaded format=pdflatex 2014.5.26)  26 FEB 2015 17:36
entering extended mode
**C:/Users/kmruehl/Documents/GitHub/WEC-Sim/WEC-Sim-OSU-Temp/OMAE2015-42074*PTO
-Sim*Final*Draft/OMAE2015-42074.tex

("C:/Users/kmruehl/Documents/GitHub/WEC-Sim/WEC-Sim-OSU-Temp/OMAE2015-42074 PTO
-Sim Final Draft/OMAE2015-42074.tex"
LaTeX2e <2011/06/27>
Babel <v3.8m> and hyphenation patterns for english, afrikaans, ancientgreek, ar
abic, armenian, assamese, basque, bengali, bokmal, bulgarian, catalan, coptic, 
croatian, czech, danish, dutch, esperanto, estonian, farsi, finnish, french, ga
lician, german, german-x-2013-05-26, greek, gujarati, hindi, hungarian, iceland
ic, indonesian, interlingua, irish, italian, kannada, kurmanji, latin, latvian,
 lithuanian, malayalam, marathi, mongolian, mongolianlmc, monogreek, ngerman, n
german-x-2013-05-26, nynorsk, oriya, panjabi, pinyin, polish, portuguese, roman
ian, russian, sanskrit, serbian, slovak, slovenian, spanish, swedish, swissgerm
an, tamil, telugu, turkish, turkmen, ukenglish, ukrainian, uppersorbian, usengl
ishmax, welsh, loaded.

("C:\Users\kmruehl\Documents\GitHub\WEC-Sim\WEC-Sim-OSU-Temp\OMAE2015-42074 PTO
-Sim Final Draft\asme2e.cls"
Document Class: asme2e 2001/2/14 v2.0 Standard LaTeX document class
("C:\Program Files (x86)\MiKTeX 2.9\tex\latex\base\ifthen.sty"
Package: ifthen 2001/05/26 v1.1c Standard LaTeX ifthen package (DPC)
)
("C:\Program Files (x86)\MiKTeX 2.9\tex\latex\psnfss\times.sty"
Package: times 2005/04/12 PSNFSS-v9.2a (SPQR) 
)
("C:\Program Files (x86)\MiKTeX 2.9\tex\latex\psnfss\mathptmx.sty"
Package: mathptmx 2005/04/12 PSNFSS-v9.2a Times w/ Math, improved (SPQR, WaS) 
LaTeX Font Info:    Redeclaring symbol font `operators' on input line 28.
LaTeX Font Info:    Overwriting symbol font `operators' in version `normal'
(Font)                  OT1/cmr/m/n --> OT1/ztmcm/m/n on input line 28.
LaTeX Font Info:    Overwriting symbol font `operators' in version `bold'
(Font)                  OT1/cmr/bx/n --> OT1/ztmcm/m/n on input line 28.
LaTeX Font Info:    Redeclaring symbol font `letters' on input line 29.
LaTeX Font Info:    Overwriting symbol font `letters' in version `normal'
(Font)                  OML/cmm/m/it --> OML/ztmcm/m/it on input line 29.
LaTeX Font Info:    Overwriting symbol font `letters' in version `bold'
(Font)                  OML/cmm/b/it --> OML/ztmcm/m/it on input line 29.
LaTeX Font Info:    Redeclaring symbol font `symbols' on input line 30.
LaTeX Font Info:    Overwriting symbol font `symbols' in version `normal'
(Font)                  OMS/cmsy/m/n --> OMS/ztmcm/m/n on input line 30.
LaTeX Font Info:    Overwriting symbol font `symbols' in version `bold'
(Font)                  OMS/cmsy/b/n --> OMS/ztmcm/m/n on input line 30.
LaTeX Font Info:    Redeclaring symbol font `largesymbols' on input line 31.
LaTeX Font Info:    Overwriting symbol font `largesymbols' in version `normal'
(Font)                  OMX/cmex/m/n --> OMX/ztmcm/m/n on input line 31.
LaTeX Font Info:    Overwriting symbol font `largesymbols' in version `bold'
(Font)                  OMX/cmex/m/n --> OMX/ztmcm/m/n on input line 31.
\symbold=\mathgroup4
\symitalic=\mathgroup5
LaTeX Font Info:    Redeclaring math alphabet \mathbf on input line 34.
LaTeX Font Info:    Overwriting math alphabet `\mathbf' in version `normal'
(Font)                  OT1/cmr/bx/n --> OT1/ptm/bx/n on input line 34.
LaTeX Font Info:    Overwriting math alphabet `\mathbf' in version `bold'
(Font)                  OT1/cmr/bx/n --> OT1/ptm/bx/n on input line 34.
LaTeX Font Info:    Redeclaring math alphabet \mathit on input line 35.
LaTeX Font Info:    Overwriting math alphabet `\mathit' in version `normal'
(Font)                  OT1/cmr/m/it --> OT1/ptm/m/it on input line 35.
LaTeX Font Info:    Overwriting math alphabet `\mathit' in version `bold'
(Font)                  OT1/cmr/bx/it --> OT1/ptm/m/it on input line 35.
LaTeX Info: Redefining \hbar on input line 50.
)
("C:\Program Files (x86)\MiKTeX 2.9\tex\generic\oberdiek\ifpdf.sty"
Package: ifpdf 2011/01/30 v2.3 Provides the ifpdf switch (HO)
Package ifpdf Info: pdfTeX in PDF mode is detected.
)
Ten Point
LaTeX Font Info:    Try loading font information for OT1+phv on input line 308.

("C:\Program Files (x86)\MiKTeX 2.9\tex\latex\psnfss\ot1phv.fd"
File: ot1phv.fd 2001/06/04 scalable font definitions for OT1/phv.
)
\c@part=\count79
\c@section=\count80
\c@subsection=\count81
\c@subsubsection=\count82
\c@paragraph=\count83
\c@subparagraph=\count84
\tempbox=\box26
\c@figure=\count85
\c@table=\count86
\@authcnt=\count87
\@tmpcnt=\count88
\bibindent=\dimen102
\tempbox=\box27
\tminute=\count89
\thour=\count90
)
("C:\Program Files (x86)\MiKTeX 2.9\tex\latex\graphics\graphicx.sty"
Package: graphicx 1999/02/16 v1.0f Enhanced LaTeX Graphics (DPC,SPQR)

("C:\Program Files (x86)\MiKTeX 2.9\tex\latex\graphics\keyval.sty"
Package: keyval 1999/03/16 v1.13 key=value parser (DPC)
\KV@toks@=\toks14
)
("C:\Program Files (x86)\MiKTeX 2.9\tex\latex\graphics\graphics.sty"
Package: graphics 2009/02/05 v1.0o Standard LaTeX Graphics (DPC,SPQR)

("C:\Program Files (x86)\MiKTeX 2.9\tex\latex\graphics\trig.sty"
Package: trig 1999/03/16 v1.09 sin cos tan (DPC)
)
("C:\Program Files (x86)\MiKTeX 2.9\tex\latex\00miktex\graphics.cfg"
File: graphics.cfg 2007/01/18 v1.5 graphics configuration of teTeX/TeXLive
)
Package graphics Info: Driver file: pdftex.def on input line 91.

("C:\Program Files (x86)\MiKTeX 2.9\tex\latex\pdftex-def\pdftex.def"
File: pdftex.def 2011/05/27 v0.06d Graphics/color for pdfTeX

("C:\Program Files (x86)\MiKTeX 2.9\tex\generic\oberdiek\infwarerr.sty"
Package: infwarerr 2010/04/08 v1.3 Providing info/warning/error messages (HO)
)
("C:\Program Files (x86)\MiKTeX 2.9\tex\generic\oberdiek\ltxcmds.sty"
Package: ltxcmds 2011/11/09 v1.22 LaTeX kernel commands for general use (HO)
)
\Gread@gobject=\count91
))
\Gin@req@height=\dimen103
\Gin@req@width=\dimen104
)
("C:\Program Files (x86)\MiKTeX 2.9\tex\latex\oberdiek\epstopdf.sty"
Package: epstopdf 2010/02/09 v2.5 Conversion with epstopdf on the fly (HO)

("C:\Program Files (x86)\MiKTeX 2.9\tex\latex\oberdiek\epstopdf-base.sty"
Package: epstopdf-base 2010/02/09 v2.5 Base part for package epstopdf

("C:\Program Files (x86)\MiKTeX 2.9\tex\latex\oberdiek\grfext.sty"
Package: grfext 2010/08/19 v1.1 Manage graphics extensions (HO)

("C:\Program Files (x86)\MiKTeX 2.9\tex\generic\oberdiek\kvdefinekeys.sty"
Package: kvdefinekeys 2011/04/07 v1.3 Define keys (HO)
))
("C:\Program Files (x86)\MiKTeX 2.9\tex\latex\oberdiek\kvoptions.sty"
Package: kvoptions 2011/06/30 v3.11 Key value format for package options (HO)

("C:\Program Files (x86)\MiKTeX 2.9\tex\generic\oberdiek\kvsetkeys.sty"
Package: kvsetkeys 2012/04/25 v1.16 Key value parser (HO)

("C:\Program Files (x86)\MiKTeX 2.9\tex\generic\oberdiek\etexcmds.sty"
Package: etexcmds 2011/02/16 v1.5 Avoid name clashes with e-TeX commands (HO)

("C:\Program Files (x86)\MiKTeX 2.9\tex\generic\oberdiek\ifluatex.sty"
Package: ifluatex 2010/03/01 v1.3 Provides the ifluatex switch (HO)
Package ifluatex Info: LuaTeX not detected.
)
Package etexcmds Info: Could not find \expanded.
(etexcmds)             That can mean that you are not using pdfTeX 1.50 or
(etexcmds)             that some package has redefined \expanded.
(etexcmds)             In the latter case, load this package earlier.
)))
("C:\Program Files (x86)\MiKTeX 2.9\tex\generic\oberdiek\pdftexcmds.sty"
Package: pdftexcmds 2011/11/29 v0.20 Utility functions of pdfTeX for LuaTeX (HO
)
Package pdftexcmds Info: LuaTeX not detected.
Package pdftexcmds Info: \pdf@primitive is available.
Package pdftexcmds Info: \pdf@ifprimitive is available.
Package pdftexcmds Info: \pdfdraftmode found.
)
Package grfext Info: Graphics extension search list:
(grfext)             [.png,.pdf,.jpg,.mps,.jpeg,.jbig2,.jb2,.PNG,.PDF,.JPG,.JPE
G,.JBIG2,.JB2,.eps]
(grfext)             \AppendGraphicsExtensions on input line 452.
))
(C:\Users\kmruehl\AppData\Roaming\MiKTeX\2.9\tex\latex\dblfloatfix\dblfloatfix.
sty
Package: dblfloatfix 2012/12/31 v1.0a (JAW)
 ("C:\Program Files (x86)\MiKTeX 2.9\tex\latex\base\fixltx2e.sty"
Package: fixltx2e 2006/09/13 v1.1m fixes to LaTeX
LaTeX Info: Redefining \em on input line 420.
)
\@dblbotnum=\count92
\c@dblbotnumber=\count93
)
(C:\Users\kmruehl\AppData\Roaming\MiKTeX\2.9\tex\latex\cite\cite.sty
LaTeX Info: Redefining \citen on input line 81.
LaTeX Info: Redefining \cite on input line 302.
LaTeX Info: Redefining \nocite on input line 373.
Package: cite 2010/09/10  v 5.3
)
("C:\Users\kmruehl\Documents\GitHub\WEC-Sim\WEC-Sim-OSU-Temp\OMAE2015-42074 PTO
-Sim Final Draft\OMAE2015-42074.aux")
LaTeX Font Info:    Checking defaults for OML/cmm/m/it on input line 67.
LaTeX Font Info:    ... okay on input line 67.
LaTeX Font Info:    Checking defaults for T1/cmr/m/n on input line 67.
LaTeX Font Info:    ... okay on input line 67.
LaTeX Font Info:    Checking defaults for OT1/cmr/m/n on input line 67.
LaTeX Font Info:    ... okay on input line 67.
LaTeX Font Info:    Checking defaults for OMS/cmsy/m/n on input line 67.
LaTeX Font Info:    ... okay on input line 67.
LaTeX Font Info:    Checking defaults for OMX/cmex/m/n on input line 67.
LaTeX Font Info:    ... okay on input line 67.
LaTeX Font Info:    Checking defaults for U/cmr/m/n on input line 67.
LaTeX Font Info:    ... okay on input line 67.
LaTeX Font Info:    Try loading font information for OT1+ptm on input line 67.

("C:\Program Files (x86)\MiKTeX 2.9\tex\latex\psnfss\ot1ptm.fd"
File: ot1ptm.fd 2001/06/04 font definitions for OT1/ptm.
)
\big@size=\dimen105

(C:\Users\kmruehl\AppData\Roaming\MiKTeX\2.9\tex\context\base\supp-pdf.mkii
[Loading MPS to PDF converter (version 2006.09.02).]
\scratchcounter=\count94
\scratchdimen=\dimen106
\scratchbox=\box28
\nofMPsegments=\count95
\nofMParguments=\count96
\everyMPshowfont=\toks15
\MPscratchCnt=\count97
\MPscratchDim=\dimen107
\MPnumerator=\count98
\makeMPintoPDFobject=\count99
\everyMPtoPDFconversion=\toks16
)
LaTeX Font Info:    Try loading font information for OT1+ztmcm on input line 68
.
 ("C:\Program Files (x86)\MiKTeX 2.9\tex\latex\psnfss\ot1ztmcm.fd"
File: ot1ztmcm.fd 2000/01/03 Fontinst v1.801 font definitions for OT1/ztmcm.
)
LaTeX Font Info:    Try loading font information for OML+ztmcm on input line 68
.

("C:\Program Files (x86)\MiKTeX 2.9\tex\latex\psnfss\omlztmcm.fd"
File: omlztmcm.fd 2000/01/03 Fontinst v1.801 font definitions for OML/ztmcm.
)
LaTeX Font Info:    Try loading font information for OMS+ztmcm on input line 68
.

("C:\Program Files (x86)\MiKTeX 2.9\tex\latex\psnfss\omsztmcm.fd"
File: omsztmcm.fd 2000/01/03 Fontinst v1.801 font definitions for OMS/ztmcm.
)
LaTeX Font Info:    Try loading font information for OMX+ztmcm on input line 68
.

("C:\Program Files (x86)\MiKTeX 2.9\tex\latex\psnfss\omxztmcm.fd"
File: omxztmcm.fd 2000/01/03 Fontinst v1.801 font definitions for OMX/ztmcm.
)
LaTeX Font Info:    Font shape `OT1/ptm/bx/n' in size <10> not available
(Font)              Font shape `OT1/ptm/b/n' tried instead on input line 68.
LaTeX Font Info:    Font shape `OT1/ptm/bx/n' in size <7.4> not available
(Font)              Font shape `OT1/ptm/b/n' tried instead on input line 68.
LaTeX Font Info:    Font shape `OT1/ptm/bx/n' in size <6> not available
(Font)              Font shape `OT1/ptm/b/n' tried instead on input line 68.

Underfull \hbox (badness 10000) detected at line 68
[]
 []

LaTeX Font Info:    Font shape `OT1/ptm/bx/n' in size <8> not available
(Font)              Font shape `OT1/ptm/b/n' tried instead on input line 68.
LaTeX Font Info:    Font shape `OT1/ptm/bx/n' in size <5> not available
(Font)              Font shape `OT1/ptm/b/n' tried instead on input line 68.

Overfull \vbox (16.63263pt too high) has occurred while \output is active []


Underfull \vbox (badness 10000) has occurred while \output is active []

LaTeX Font Info:    Try loading font information for OMS+ptm on input line 85.

("C:\Program Files (x86)\MiKTeX 2.9\tex\latex\psnfss\omsptm.fd"
File: omsptm.fd 
)
LaTeX Font Info:    Font shape `OMS/ptm/m/n' in size <10> not available
(Font)              Font shape `OMS/cmsy/m/n' tried instead on input line 85.
 [1{C:/Users/kmruehl/AppData/Local/MiKTeX/2.9/pdftex/config/pdftex.map}


Non-PDF special ignored!

]
<Images/PCC_HydDD.png, id=10, 839.2956pt x 614.295pt>
File: Images/PCC_HydDD.png Graphic file (type png)

<use Images/PCC_HydDD.png>
Package pdftex.def Info: Images/PCC_HydDD.png used on input line 94.
(pdftex.def)             Requested size: 502.04985pt x 367.45503pt.
LaTeX Font Info:    Font shape `OT1/ptm/bx/n' in size <9> not available
(Font)              Font shape `OT1/ptm/b/n' tried instead on input line 95.
LaTeX Font Info:    Font shape `OT1/phv/bx/n' in size <9> not available
(Font)              Font shape `OT1/phv/b/n' tried instead on input line 95.

<Images/RM3_update.pdf, id=12, 885.22491pt x 539.8611pt>
File: Images/RM3_update.pdf Graphic file (type pdf)

<use Images/RM3_update.pdf>
Package pdftex.def Info: Images/RM3_update.pdf used on input line 110.
(pdftex.def)             Requested size: 257.46187pt x 157.00877pt.
 <Images/TRL.png, id=13, 882.29625pt x 632.3625pt>
File: Images/TRL.png Graphic file (type png)

<use Images/TRL.png>
Package pdftex.def Info: Images/TRL.png used on input line 117.
(pdftex.def)             Requested size: 257.46187pt x 184.52867pt.


LaTeX Warning: Citation `rmp' on page 2 undefined on input line 130.

<Images/HydraulicPTO.png, id=14, 892.08281pt x 539.01375pt>
File: Images/HydraulicPTO.png Graphic file (type png)

<use Images/HydraulicPTO.png>
Package pdftex.def Info: Images/HydraulicPTO.png used on input line 144.
(pdftex.def)             Requested size: 257.46187pt x 155.56152pt.
 [2] [3 <C:/Users/kmruehl/Documents/GitHub/WEC-Sim/WEC-Sim-OSU-Temp/OMAE2015-42
074 PTO-Sim Final Draft/Images/PCC_HydDD.png>]
<Images/ValveBehavior.png, id=26, 905.63344pt x 715.92468pt>
File: Images/ValveBehavior.png Graphic file (type png)

<use Images/ValveBehavior.png>
Package pdftex.def Info: Images/ValveBehavior.png used on input line 181.
(pdftex.def)             Requested size: 257.46187pt x 203.52722pt.
Package epstopdf Info: Source file: <Images/ptomodel.eps>
(epstopdf)                    date: 2015-02-26 10:58:51
(epstopdf)                    size: 130629 bytes
(epstopdf)             Output file: <Images/ptomodel-eps-converted-to.pdf>
(epstopdf)                    date: 2015-02-26 10:58:51
(epstopdf)                    size: 25637 bytes
(epstopdf)             Command: <epstopdf --outfile=Images/ptomodel-eps-convert
ed-to.pdf Images/ptomodel.eps>
(epstopdf)             \includegraphics on input line 188.
Package epstopdf Info: Output file is already uptodate.

<Images/ptomodel-eps-converted-to.pdf, id=27, 1674.255pt x 384.43625pt>
File: Images/ptomodel-eps-converted-to.pdf Graphic file (type pdf)

<use Images/ptomodel-eps-converted-to.pdf>
Package pdftex.def Info: Images/ptomodel-eps-converted-to.pdf used on input lin
e 188.
(pdftex.def)             Requested size: 514.92374pt x 118.22957pt.
 [4 <C:/Users/kmruehl/Documents/GitHub/WEC-Sim/WEC-Sim-OSU-Temp/OMAE2015-42074 
PTO-Sim Final Draft/Images/RM3_update.pdf> <C:/Users/kmruehl/Documents/GitHub/W
EC-Sim/WEC-Sim-OSU-Temp/OMAE2015-42074 PTO-Sim Final Draft/Images/TRL.png> <C:/
Users/kmruehl/Documents/GitHub/WEC-Sim/WEC-Sim-OSU-Temp/OMAE2015-42074 PTO-Sim 
Final Draft/Images/HydraulicPTO.png> <C:/Users/kmruehl/Documents/GitHub/WEC-Sim
/WEC-Sim-OSU-Temp/OMAE2015-42074 PTO-Sim Final Draft/Images/ValveBehavior.png>]


pdfTeX warning: pdflatex.EXE (file C:/Users/kmruehl/Documents/GitHub/WEC-Sim/WE
C-Sim-OSU-Temp/OMAE2015-42074 PTO-Sim Final Draft/Images/zRelzDotRel.pdf): PDF 
inclusion: found PDF version <1.6>, but at most version <1.5> allowed
<Images/zRelzDotRel.pdf, id=40, 260.6099pt x 217.68727pt>
File: Images/zRelzDotRel.pdf Graphic file (type pdf)

<use Images/zRelzDotRel.pdf>
Package pdftex.def Info: Images/zRelzDotRel.pdf used on input line 237.
(pdftex.def)             Requested size: 257.46187pt x 215.06926pt.


pdfTeX warning: pdflatex.EXE (file C:/Users/kmruehl/Documents/GitHub/WEC-Sim/WE
C-Sim-OSU-Temp/OMAE2015-42074 PTO-Sim Final Draft/Images/HYDPower.pdf): PDF inc
lusion: found PDF version <1.6>, but at most version <1.5> allowed
<Images/HYDPower.pdf, id=41, 268.0551pt x 219.00119pt>
File: Images/HYDPower.pdf Graphic file (type pdf)

<use Images/HYDPower.pdf>
Package pdftex.def Info: Images/HYDPower.pdf used on input line 244.
(pdftex.def)             Requested size: 257.46187pt x 210.36238pt.

Underfull \hbox (badness 10000) in paragraph at lines 252--253

 []



pdfTeX warning: pdflatex.EXE (file C:/Users/kmruehl/Documents/GitHub/WEC-Sim/WE
C-Sim-OSU-Temp/OMAE2015-42074 PTO-Sim Final Draft/Images/ptoForce.pdf): PDF inc
lusion: found PDF version <1.6>, but at most version <1.5> allowed
<Images/ptoForce.pdf, id=42, 263.32515pt x 215.23512pt>
File: Images/ptoForce.pdf Graphic file (type pdf)

<use Images/ptoForce.pdf>
Package pdftex.def Info: Images/ptoForce.pdf used on input line 258.
(pdftex.def)             Requested size: 257.46187pt x 210.44948pt.


pdfTeX warning: pdflatex.EXE (file C:/Users/kmruehl/Documents/GitHub/WEC-Sim/WE
C-Sim-OSU-Temp/OMAE2015-42074 PTO-Sim Final Draft/Images/Pressures.pdf): PDF in
clusion: found PDF version <1.6>, but at most version <1.5> allowed
<Images/Pressures.pdf, id=43, 257.01768pt x 217.86293pt>
File: Images/Pressures.pdf Graphic file (type pdf)

<use Images/Pressures.pdf>
Package pdftex.def Info: Images/Pressures.pdf used on input line 265.
(pdftex.def)             Requested size: 257.46187pt x 218.25131pt.
 [5 <C:/Users/kmruehl/Documents/GitHub/WEC-Sim/WEC-Sim-OSU-Temp/OMAE2015-42074 
PTO-Sim Final Draft/Images/ptomodel-eps-converted-to.pdf> <C:/Users/kmruehl/Doc
uments/GitHub/WEC-Sim/WEC-Sim-OSU-Temp/OMAE2015-42074 PTO-Sim Final Draft/Image
s/zRelzDotRel.pdf>]
<Images/PAWECSmithsonian.png, id=94, 650.43pt x 482.55281pt>
File: Images/PAWECSmithsonian.png Graphic file (type png)

<use Images/PAWECSmithsonian.png>
Package pdftex.def Info: Images/PAWECSmithsonian.png used on input line 304.
(pdftex.def)             Requested size: 257.46187pt x 191.01492pt.


pdfTeX warning: pdflatex.EXE (file C:/Users/kmruehl/Documents/GitHub/WEC-Sim/WE
C-Sim-OSU-Temp/OMAE2015-42074 PTO-Sim Final Draft/Images/DirectDriveSimulink.pd
f): PDF inclusion: found PDF version <1.6>, but at most version <1.5> allowed
<Images/DirectDriveSimulink.pdf, id=95, 463.02585pt x 234.42882pt>
File: Images/DirectDriveSimulink.pdf Graphic file (type pdf)

<use Images/DirectDriveSimulink.pdf>
Package pdftex.def Info: Images/DirectDriveSimulink.pdf used on input line 312.

(pdftex.def)             Requested size: 257.46187pt x 130.35634pt.

<Images/Slots_n_Magnets_Linear.pdf, id=96, 325.3454pt x 478.81987pt>
File: Images/Slots_n_Magnets_Linear.pdf Graphic file (type pdf)

<use Images/Slots_n_Magnets_Linear.pdf>
Package pdftex.def Info: Images/Slots_n_Magnets_Linear.pdf used on input line 3
21.
(pdftex.def)             Requested size: 257.46187pt x 378.9138pt.

<Images/BackEMFCkt.pdf, id=97, 558.67111pt x 338.03088pt>
File: Images/BackEMFCkt.pdf Graphic file (type pdf)

<use Images/BackEMFCkt.pdf>
Package pdftex.def Info: Images/BackEMFCkt.pdf used on input line 330.
(pdftex.def)             Requested size: 257.46187pt x 155.77977pt.
 [6 <C:/Users/kmruehl/Documents/GitHub/WEC-Sim/WEC-Sim-OSU-Temp/OMAE2015-42074 
PTO-Sim Final Draft/Images/HYDPower.pdf> <C:/Users/kmruehl/Documents/GitHub/WEC
-Sim/WEC-Sim-OSU-Temp/OMAE2015-42074 PTO-Sim Final Draft/Images/ptoForce.pdf> <
C:/Users/kmruehl/Documents/GitHub/WEC-Sim/WEC-Sim-OSU-Temp/OMAE2015-42074 PTO-S
im Final Draft/Images/Pressures.pdf>]

pdfTeX warning: pdflatex.EXE (file C:/Users/kmruehl/Documents/GitHub/WEC-Sim/WE
C-Sim-OSU-Temp/OMAE2015-42074 PTO-Sim Final Draft/Images/DDFpto.pdf): PDF inclu
sion: found PDF version <1.6>, but at most version <1.5> allowed
<Images/DDFpto.pdf, id=125, 257.37709pt x 214.73625pt>
File: Images/DDFpto.pdf Graphic file (type pdf)
 <use Images/DDFpto.pdf>
Package pdftex.def Info: Images/DDFpto.pdf used on input line 350.
(pdftex.def)             Requested size: 257.46187pt x 214.8078pt.


pdfTeX warning: pdflatex.EXE (file C:/Users/kmruehl/Documents/GitHub/WEC-Sim/WE
C-Sim-OSU-Temp/OMAE2015-42074 PTO-Sim Final Draft/Images/DDVabc.pdf): PDF inclu
sion: found PDF version <1.6>, but at most version <1.5> allowed
<Images/DDVabc.pdf, id=126, 262.67618pt x 208.17221pt>
File: Images/DDVabc.pdf Graphic file (type pdf)
 <use Images/DDVabc.pdf>
Package pdftex.def Info: Images/DDVabc.pdf used on input line 357.
(pdftex.def)             Requested size: 257.46187pt x 204.05183pt.


pdfTeX warning: pdflatex.EXE (file C:/Users/kmruehl/Documents/GitHub/WEC-Sim/WE
C-Sim-OSU-Temp/OMAE2015-42074 PTO-Sim Final Draft/Images/DDIabc.pdf): PDF inclu
sion: found PDF version <1.6>, but at most version <1.5> allowed
<Images/DDIabc.pdf, id=127, 257.37733pt x 211.20062pt>
File: Images/DDIabc.pdf Graphic file (type pdf)
 <use Images/DDIabc.pdf>
Package pdftex.def Info: Images/DDIabc.pdf used on input line 364.
(pdftex.def)             Requested size: 257.46187pt x 211.27098pt.


pdfTeX warning: pdflatex.EXE (file C:/Users/kmruehl/Documents/GitHub/WEC-Sim/WE
C-Sim-OSU-Temp/OMAE2015-42074 PTO-Sim Final Draft/Images/normDDPabsPelec.pdf): 
PDF inclusion: found PDF version <1.6>, but at most version <1.5> allowed
<Images/normDDPabsPelec.pdf, id=128, 259.26904pt x 218.01355pt>
File: Images/normDDPabsPelec.pdf Graphic file (type pdf)

<use Images/normDDPabsPelec.pdf>
Package pdftex.def Info: Images/normDDPabsPelec.pdf used on input line 371.
(pdftex.def)             Requested size: 257.46187pt x 216.50604pt.

Underfull \vbox (badness 3679) has occurred while \output is active []



pdfTeX warning: pdflatex.EXE (file C:/Users/kmruehl/Documents/GitHub/WEC-Sim/WE
C-Sim-OSU-Temp/OMAE2015-42074 PTO-Sim Final Draft/Images/HDYnDDelecPower.pdf): 
PDF inclusion: found PDF version <1.6>, but at most version <1.5> allowed
<Images/HDYnDDelecPower.pdf, id=129, 264.18968pt x 215.11467pt>
File: Images/HDYnDDelecPower.pdf Graphic file (type pdf)

<use Images/HDYnDDelecPower.pdf>
Package pdftex.def Info: Images/HDYnDDelecPower.pdf used on input line 386.
(pdftex.def)             Requested size: 257.46187pt x 209.63582pt.
 [7 <C:/Users/kmruehl/Documents/GitHub/WEC-Sim/WEC-Sim-OSU-Temp/OMAE2015-42074 
PTO-Sim Final Draft/Images/PAWECSmithsonian.png> <C:/Users/kmruehl/Documents/Gi
tHub/WEC-Sim/WEC-Sim-OSU-Temp/OMAE2015-42074 PTO-Sim Final Draft/Images/DirectD
riveSimulink.pdf, page is rotated 90 degrees> <C:/Users/kmruehl/Documents/GitHu
b/WEC-Sim/WEC-Sim-OSU-Temp/OMAE2015-42074 PTO-Sim Final Draft/Images/Slots_n_Ma
gnets_Linear.pdf>]
Missing character: There is no â in font ptmr7t!
Missing character: There is no € in font ptmr7t!
Missing character: There is no ™ in font ptmr7t!

Underfull \vbox (badness 10000) has occurred while \output is active []

 [8 <C:/Users/kmruehl/Documents/GitHub/WEC-Sim/WEC-Sim-OSU-Temp/OMAE2015-42074 
PTO-Sim Final Draft/Images/BackEMFCkt.pdf> <C:/Users/kmruehl/Documents/GitHub/W
EC-Sim/WEC-Sim-OSU-Temp/OMAE2015-42074 PTO-Sim Final Draft/Images/DDFpto.pdf> <
C:/Users/kmruehl/Documents/GitHub/WEC-Sim/WEC-Sim-OSU-Temp/OMAE2015-42074 PTO-S
im Final Draft/Images/DDVabc.pdf> <C:/Users/kmruehl/Documents/GitHub/WEC-Sim/WE
C-Sim-OSU-Temp/OMAE2015-42074 PTO-Sim Final Draft/Images/DDIabc.pdf>]
("C:\Users\kmruehl\Documents\GitHub\WEC-Sim\WEC-Sim-OSU-Temp\OMAE2015-42074 PTO
-Sim Final Draft\OMAE2015-42074.bbl" [9 <C:/Users/kmruehl/Documents/GitHub/WEC-
Sim/WEC-Sim-OSU-Temp/OMAE2015-42074 PTO-Sim Final Draft/Images/normDDPabsPelec.
pdf> <C:/Users/kmruehl/Documents/GitHub/WEC-Sim/WEC-Sim-OSU-Temp/OMAE2015-42074
 PTO-Sim Final Draft/Images/HDYnDDelecPower.pdf>]) [10

]
("C:\Users\kmruehl\Documents\GitHub\WEC-Sim\WEC-Sim-OSU-Temp\OMAE2015-42074 PTO
-Sim Final Draft\OMAE2015-42074.aux")

LaTeX Warning: There were undefined references.

 ) 
Here is how much of TeX's memory you used:
 2111 strings out of 493921
 31736 string characters out of 3144870
 89746 words of memory out of 3000000
 5315 multiletter control sequences out of 15000+200000
 45773 words of font info for 90 fonts, out of 3000000 for 9000
 841 hyphenation exceptions out of 8191
 42i,11n,23p,1363b,274s stack positions out of 5000i,500n,10000p,200000b,50000s
{C:/Program Files (x86)/MiKTeX 2.9/fonts/enc/dvips/fontname/8r.enc}<C:/Progra
m Files (x86)/MiKTeX 2.9/fonts/type1/public/amsfonts/cm/cmex10.pfb><C:/Program 
Files (x86)/MiKTeX 2.9/fonts/type1/public/amsfonts/cm/cmmi10.pfb><C:/Program Fi
les (x86)/MiKTeX 2.9/fonts/type1/public/amsfonts/cm/cmr10.pfb><C:/Program Files
 (x86)/MiKTeX 2.9/fonts/type1/public/amsfonts/cm/cmsy10.pfb><C:/Program Files (
x86)/MiKTeX 2.9/fonts/type1/urw/helvetic/uhvb8a.pfb><C:/Program Files (x86)/MiK
TeX 2.9/fonts/type1/urw/helvetic/uhvr8a.pfb><C:/Users/kmruehl/AppData/Roaming/M
iKTeX/2.9/fonts/type1/urw/symbol/usyr.pfb><C:/Program Files (x86)/MiKTeX 2.9/fo
nts/type1/urw/times/utmb8a.pfb><C:/Program Files (x86)/MiKTeX 2.9/fonts/type1/u
rw/times/utmr8a.pfb><C:/Program Files (x86)/MiKTeX 2.9/fonts/type1/urw/times/ut
mri8a.pfb>
Output written on OMAE2015-42074.pdf (10 pages, 2711462 bytes).
PDF statistics:
 239 PDF objects out of 1000 (max. 8388607)
 0 named destinations out of 1000 (max. 500000)
 96 words of extra memory for PDF output out of 10000 (max. 10000000)

